<?xml version="1.0" encoding="UTF-8"?>
<!-- Generated by org.testng.reporters.JUnitReportReporter -->
<testsuite hostname="DESKTOP-AMGSKQ8" failures="0" tests="4" name="api.test.UserTest" time="6.646" errors="0" timestamp="2024-10-22T11:42:51 IST" skipped="0">
  <testcase classname="api.test.UserTest" name="createUser" time="3.335"/>
  <testcase classname="api.test.UserTest" name="getUser" time="1.094"/>
  <testcase classname="api.test.UserTest" name="updateUser" time="1.084"/>
  <testcase classname="api.test.UserTest" name="deleteUser" time="1.133"/>
</testsuite> <!-- api.test.UserTest -->
